\BOOKMARK [0][-]{section*.1}{\376\377\000A\000b\000s\000t\000r\000a\000c\000t}{}% 1
\BOOKMARK [0][-]{chapter*.2}{\376\377\000L\000i\000s\000t\000\040\000o\000f\000\040\000F\000i\000g\000u\000r\000e\000s}{}% 2
\BOOKMARK [0][-]{chapter*.3}{\376\377\000L\000i\000s\000t\000\040\000o\000f\000\040\000T\000a\000b\000l\000e\000s}{}% 3
\BOOKMARK [0][-]{chapter*.4}{\376\377\000L\000i\000s\000t\000\040\000o\000f\000\040\000A\000b\000b\000r\000e\000v\000i\000a\000t\000i\000o\000n\000s}{}% 4
\BOOKMARK [0][-]{chapter*.6}{\376\377\000C\000o\000n\000t\000e\000n\000t\000s}{}% 5
\BOOKMARK [1][-]{section.7}{\376\377\000I\000n\000t\000r\000o\000d\000u\000c\000t\000i\000o\000n}{chapter*.6}% 6
\BOOKMARK [1][-]{section.8}{\376\377\000M\000a\000t\000e\000r\000i\000a\000l\000s\000\040\000a\000n\000d\000\040\000m\000e\000t\000h\000o\000d\000s}{chapter*.6}% 7
\BOOKMARK [2][-]{subsection.9}{\376\377\000M\000e\000t\000h\000o\000d\000o\000l\000o\000g\000i\000e\000s}{section.8}% 8
\BOOKMARK [2][-]{subsection.11}{\376\377\000D\000a\000t\000a\000\040\000S\000m\000o\000o\000t\000h\000i\000n\000g}{section.8}% 9
\BOOKMARK [2][-]{subsection.14}{\376\377\000P\000r\000e\000p\000r\000o\000c\000e\000s\000s\000i\000n\000g\000\040\000f\000o\000r\000\040\000F\000u\000n\000c\000t\000i\000o\000n\000a\000l\000\040\000D\000a\000t\000a}{section.8}% 10
\BOOKMARK [2][-]{subsection.15}{\376\377\000F\000u\000n\000c\000t\000i\000o\000n\000a\000l\000\040\000P\000r\000i\000n\000c\000i\000p\000a\000l\000\040\000C\000o\000m\000p\000o\000n\000e\000n\000t\000s\000\040\000A\000n\000a\000l\000y\000s\000i\000s}{section.8}% 11
\BOOKMARK [2][-]{subsection.16}{\376\377\000P\000r\000i\000n\000c\000i\000p\000a\000l\000\040\000C\000o\000m\000p\000o\000n\000e\000n\000t\000\040\000S\000c\000o\000r\000e\000\040\000F\000u\000n\000c\000t\000i\000o\000n}{section.8}% 12
\BOOKMARK [2][-]{subsection.17}{\376\377\000F\000u\000n\000c\000t\000i\000o\000n\000a\000l\000\040\000L\000i\000n\000e\000a\000r\000\040\000M\000o\000d\000e\000l\000\040\000w\000i\000t\000h\000\040\000S\000c\000a\000l\000a\000r\000\040\000R\000e\000s\000p\000o\000n\000s\000e}{section.8}% 13
\BOOKMARK [2][-]{subsection.18}{\376\377\000F\000u\000n\000c\000t\000i\000o\000n\000a\000l\000\040\000S\000c\000o\000r\000e\000\040\000R\000e\000g\000r\000e\000s\000s\000i\000o\000n}{section.8}% 14
\BOOKMARK [2][-]{subsection.19}{\376\377\000F\000u\000n\000c\000t\000i\000o\000n\000a\000l\000\040\000L\000i\000n\000e\000a\000r\000\040\000M\000o\000d\000e\000l\000\040\000w\000i\000t\000h\000\040\000F\000u\000n\000c\000t\000i\000o\000n\000a\000l\000\040\000R\000e\000s\000p\000o\000n\000s\000e}{section.8}% 15
\BOOKMARK [2][-]{subsection.20}{\376\377\000F\000u\000n\000c\000t\000i\000o\000n\000a\000l\000\040\000N\000e\000u\000r\000a\000l\000\040\000N\000e\000t\000w\000o\000r\000k\000s\000\040\000w\000i\000t\000h\000\040\000S\000c\000a\000l\000a\000r\000\040\000R\000e\000s\000p\000o\000n\000s\000e}{section.8}% 16
\BOOKMARK [2][-]{subsection.26}{\376\377\000F\000u\000n\000c\000N\000N\000\040\000w\000i\000t\000h\000\040\000F\000u\000n\000c\000t\000i\000o\000n\000a\000l\000\040\000R\000e\000s\000p\000o\000n\000s\000e}{section.8}% 17
\BOOKMARK [1][-]{section.27}{\376\377\000R\000e\000s\000u\000l\000t\000s\000\040\000a\000n\000d\000\040\000C\000o\000m\000p\000a\000r\000i\000s\000o\000n}{chapter*.6}% 18
\BOOKMARK [2][-]{subsection.28}{\376\377\000D\000a\000t\000a}{section.27}% 19
\BOOKMARK [2][-]{subsection.29}{\376\377\000D\000a\000t\000a\000\040\000S\000m\000o\000o\000t\000h\000i\000n\000g}{section.27}% 20
\BOOKMARK [2][-]{subsection.50}{\376\377\000F\000u\000n\000c\000t\000i\000o\000n\000a\000l\000\040\000L\000i\000n\000e\000a\000r\000\040\000M\000o\000d\000e\000l\000\040\000w\000i\000t\000h\000\040\000t\000h\000e\000\040\000O\000r\000i\000g\000i\000n\000a\000l\000\040\000F\000i\000v\000e\000\040\000C\000o\000v\000a\000r\000i\000a\000t\000e\000s\000\040\000t\000o\000\040\000S\000c\000a\000l\000a\000r\000\040\000R\000e\000s\000p\000o\000n\000s\000e}{section.27}% 21
\BOOKMARK [2][-]{subsection.51}{\376\377\000F\000u\000n\000c\000t\000i\000o\000n\000a\000l\000\040\000S\000c\000o\000r\000e\000\040\000R\000e\000g\000r\000e\000s\000s\000i\000o\000n\000\040\000w\000i\000t\000h\000\040\000T\000h\000r\000e\000e\000\040\000P\000r\000i\000n\000c\000i\000p\000a\000l\000\040\000C\000o\000m\000p\000o\000n\000e\000n\000t\000s\000\040\000t\000o\000\040\000S\000c\000a\000l\000a\000r\000\040\000R\000e\000s\000p\000o\000n\000s\000e}{section.27}% 22
\BOOKMARK [2][-]{subsection.53}{\376\377\000F\000u\000n\000c\000t\000i\000o\000n\000a\000l\000\040\000N\000e\000u\000r\000a\000l\000\040\000N\000e\000t\000w\000o\000r\000k\000s\000\040\000t\000o\000\040\000S\000c\000a\000l\000a\000r\000\040\000R\000e\000s\000p\000o\000n\000s\000e}{section.27}% 23
\BOOKMARK [2][-]{subsection.57}{\376\377\000A\000u\000t\000o\000r\000e\000g\000r\000e\000s\000s\000i\000o\000n\000\040\000M\000o\000d\000e\000l}{section.27}% 24
\BOOKMARK [2][-]{subsection.58}{\376\377\000R\000e\000s\000u\000l\000t\000s}{section.27}% 25
\BOOKMARK [1][-]{section.61}{\376\377\000D\000i\000s\000c\000u\000s\000s\000i\000o\000n}{chapter*.6}% 26
\BOOKMARK [1][-]{section.62}{\376\377\000B\000i\000b\000l\000i\000o\000g\000r\000a\000p\000h\000y}{chapter*.6}% 27
